<?xml version="1.0" encoding="UTF-8"?>
<!-- Generated by org.testng.reporters.JUnitReportReporter -->
<testsuite hostname="TRINITY-HN-002" failures="0" tests="1" name="tests.familyProfile.AddNewRelativesTest" time="6.295" errors="0" timestamp="2023-07-03T16:10:23 ICT" skipped="0">
  <testcase classname="tests.familyProfile.AddNewRelativesTest" name="verifyAddNewRelativesFailWhenPhoneInvalid" time="6.295"/>
</testsuite> <!-- tests.familyProfile.AddNewRelativesTest -->
