<?xml version="1.0" encoding="UTF-8"?>
<!-- Generated by org.testng.reporters.JUnitReportReporter -->
<testsuite hostname="Dangs-MBP" failures="0" tests="2" name="tests.familyProfile.AddNewRelativesTest" time="28.844" errors="0" timestamp="2023-07-02T23:44:07 ICT" skipped="0">
  <testcase classname="tests.familyProfile.AddNewRelativesTest" name="verifyAddNewRelativesSuccessfully" time="16.223"/>
  <testcase classname="tests.familyProfile.AddNewRelativesTest" name="verifyAddNewRelativesSuccessfully" time="12.621"/>
</testsuite> <!-- tests.familyProfile.AddNewRelativesTest -->
